<?xml version="1.0" encoding="UTF-8"?>
<testng-results skipped="0" failed="0" ignored="0" total="1" passed="1">
  <reporter-output>
  </reporter-output>
  <suite name="testNG Suite" duration-ms="133429" started-at="2020-09-28T20:15:22 IST" finished-at="2020-09-28T20:17:35 IST">
    <groups>
    </groups>
    <test name="test Scripts" duration-ms="133429" started-at="2020-09-28T20:15:22 IST" finished-at="2020-09-28T20:17:35 IST">
      <class name="com.sg.automation.driver.DriverScript">
        <test-method status="PASS" signature="loadClasses()[pri:0, instance:com.sg.automation.driver.DriverScript@4d95d2a2]" name="loadClasses" is-config="true" duration-ms="27" started-at="2020-09-28T20:15:22 IST" finished-at="2020-09-28T20:15:22 IST">
          <reporter-output>
          </reporter-output>
        </test-method> <!-- loadClasses -->
        <test-method status="PASS" signature="executeTests()[pri:0, instance:com.sg.automation.driver.DriverScript@4d95d2a2]" name="executeTests" duration-ms="133346" started-at="2020-09-28T20:15:22 IST" finished-at="2020-09-28T20:17:35 IST">
          <reporter-output>
          </reporter-output>
        </test-method> <!-- executeTests -->
      </class> <!-- com.sg.automation.driver.DriverScript -->
    </test> <!-- test Scripts -->
  </suite> <!-- testNG Suite -->
</testng-results>
